<?xml version="1.0" encoding="UTF-8" ?>
<testsuite tests="10" failures="0" name="br.com.thiagopaiva.java.test.FormulaTest" time="0.012" errors="0" skipped="0">
  <properties>
    <property name="java.runtime.name" value="Java(TM) SE Runtime Environment"/>
    <property name="sun.boot.library.path" value="D:\paiva\java8\jre\bin"/>
    <property name="java.vm.version" value="25.66-b18"/>
    <property name="java.vm.vendor" value="Oracle Corporation"/>
    <property name="maven.multiModuleProjectDirectory" value="D:\paiva\gitrepos\java-calculos"/>
    <property name="java.vendor.url" value="http://java.oracle.com/"/>
    <property name="path.separator" value=";"/>
    <property name="guice.disable.misplaced.annotation.check" value="true"/>
    <property name="java.vm.name" value="Java HotSpot(TM) 64-Bit Server VM"/>
    <property name="file.encoding.pkg" value="sun.io"/>
    <property name="user.script" value=""/>
    <property name="user.country" value="BR"/>
    <property name="sun.java.launcher" value="SUN_STANDARD"/>
    <property name="sun.os.patch.level" value=""/>
    <property name="java.vm.specification.name" value="Java Virtual Machine Specification"/>
    <property name="user.dir" value="D:\paiva\gitrepos\java-calculos"/>
    <property name="java.runtime.version" value="1.8.0_66-b18"/>
    <property name="java.awt.graphicsenv" value="sun.awt.Win32GraphicsEnvironment"/>
    <property name="java.endorsed.dirs" value="D:\paiva\java8\jre\lib\endorsed"/>
    <property name="os.arch" value="amd64"/>
    <property name="java.io.tmpdir" value="C:\Users\44114\AppData\Local\Temp\"/>
    <property name="line.separator" value="
"/>
    <property name="java.vm.specification.vendor" value="Oracle Corporation"/>
    <property name="user.variant" value=""/>
    <property name="os.name" value="Windows 10"/>
    <property name="classworlds.conf" value="D:\paiva\apache-maven-3.5.3\bin\..\bin\m2.conf"/>
    <property name="sun.jnu.encoding" value="Cp1252"/>
    <property name="java.library.path" value="D:\paiva\java8\bin;C:\WINDOWS\Sun\Java\bin;C:\WINDOWS\system32;C:\WINDOWS;C:\ProgramData\Oracle\Java\javapath;C:\WINDOWS\system32;C:\WINDOWS;C:\WINDOWS\System32\Wbem;C:\WINDOWS\System32\WindowsPowerShell\v1.0\;D:\paiva\java8\bin;C:\Program Files\Java\jdk1.6.0_39\bin;C:\Program Files (x86)\Microsoft SQL Server\100\Tools\Binn\VSShell\Common7\IDE\;C:\Program Files (x86)\Microsoft SQL Server\100\Tools\Binn\;C:\Program Files\Microsoft SQL Server\100\Tools\Binn\;C:\Program Files (x86)\Microsoft SQL Server\100\DTS\Binn\;C:\Program Files\Microsoft SQL Server\100\DTS\Binn\;D:\paiva\apache-maven-3.5.3\bin;C:\Program Files\nodejs\;C:\Program Files\TortoiseSVN\bin;D:\Program Files (x86)\Mozilla Firefox;C:\ProgramData\Oracle\Java\javapath;C:\WINDOWS\system32;C:\WINDOWS;C:\WINDOWS\System32\Wbem;C:\WINDOWS\System32\WindowsPowerShell\v1.0\;C:\Program Files\TortoiseSVN\bin;C:\Program Files\Java\jdk1.6.0_39\bin;C:\Program Files\Java\jdk1.6.0_39\bin;C:\Program Files (x86)\Microsoft SQL Server\100\Tools\Binn\VSShell\Common7\IDE\;C:\Program Files (x86)\Microsoft SQL Server\100\Tools\Binn\;C:\Program Files\Microsoft SQL Server\100\Tools\Binn\;C:\Program Files (x86)\Microsoft SQL Server\100\DTS\Binn\;C:\Program Files\Microsoft SQL Server\100\DTS\Binn\;C:\Users\44114\AppData\Local\Programs\Git\cmd;C:\Users\44114\AppData\Roaming\npm;."/>
    <property name="maven.conf" value="D:\paiva\apache-maven-3.5.3\bin\../conf"/>
    <property name="java.specification.name" value="Java Platform API Specification"/>
    <property name="java.class.version" value="52.0"/>
    <property name="sun.management.compiler" value="HotSpot 64-Bit Tiered Compilers"/>
    <property name="os.version" value="10.0"/>
    <property name="library.jansi.path" value="D:\paiva\apache-maven-3.5.3\bin\..\lib\jansi-native"/>
    <property name="user.home" value="C:\Users\44114"/>
    <property name="user.timezone" value="America/Sao_Paulo"/>
    <property name="java.awt.printerjob" value="sun.awt.windows.WPrinterJob"/>
    <property name="java.specification.version" value="1.8"/>
    <property name="file.encoding" value="Cp1252"/>
    <property name="user.name" value="44114"/>
    <property name="java.class.path" value="D:\paiva\apache-maven-3.5.3\bin\..\boot\plexus-classworlds-2.5.2.jar"/>
    <property name="java.vm.specification.version" value="1.8"/>
    <property name="sun.arch.data.model" value="64"/>
    <property name="java.home" value="D:\paiva\java8\jre"/>
    <property name="sun.java.command" value="org.codehaus.plexus.classworlds.launcher.Launcher package"/>
    <property name="java.specification.vendor" value="Oracle Corporation"/>
    <property name="user.language" value="pt"/>
    <property name="awt.toolkit" value="sun.awt.windows.WToolkit"/>
    <property name="java.vm.info" value="mixed mode"/>
    <property name="java.version" value="1.8.0_66"/>
    <property name="java.ext.dirs" value="D:\paiva\java8\jre\lib\ext;C:\WINDOWS\Sun\Java\lib\ext"/>
    <property name="sun.boot.class.path" value="D:\paiva\java8\jre\lib\resources.jar;D:\paiva\java8\jre\lib\rt.jar;D:\paiva\java8\jre\lib\sunrsasign.jar;D:\paiva\java8\jre\lib\jsse.jar;D:\paiva\java8\jre\lib\jce.jar;D:\paiva\java8\jre\lib\charsets.jar;D:\paiva\java8\jre\lib\jfr.jar;D:\paiva\java8\jre\classes"/>
    <property name="sun.stderr.encoding" value="cp850"/>
    <property name="java.vendor" value="Oracle Corporation"/>
    <property name="maven.home" value="D:\paiva\apache-maven-3.5.3\bin\.."/>
    <property name="file.separator" value="\"/>
    <property name="java.vendor.url.bug" value="http://bugreport.sun.com/bugreport/"/>
    <property name="sun.cpu.endian" value="little"/>
    <property name="sun.io.unicode.encoding" value="UnicodeLittle"/>
    <property name="sun.stdout.encoding" value="cp850"/>
    <property name="sun.desktop" value="windows"/>
    <property name="sun.cpu.isalist" value="amd64"/>
  </properties>
  <testcase classname="br.com.thiagopaiva.java.test.FormulaTest" name="formulaSimplesPodeRepetirCamposTest" time="0.01"/>
  <testcase classname="br.com.thiagopaiva.java.test.FormulaTest" name="formulaDeveTerParametrosEmSequenciaTest" time="0"/>
  <testcase classname="br.com.thiagopaiva.java.test.FormulaTest" name="formulaComErroNaoDeveCalcularParteUmTest" time="0"/>
  <testcase classname="br.com.thiagopaiva.java.test.FormulaTest" name="formulaComErroNaoDeveCalcularParteDoisTest" time="0"/>
  <testcase classname="br.com.thiagopaiva.java.test.FormulaTest" name="formulaSomenteAceitaParentesesTest" time="0.002"/>
  <testcase classname="br.com.thiagopaiva.java.test.FormulaTest" name="formulaComErroNaoDeveCalcularParteTresTest" time="0"/>
  <testcase classname="br.com.thiagopaiva.java.test.FormulaTest" name="formulaDeveTerPrimeiroParametroZeroTest" time="0"/>
  <testcase classname="br.com.thiagopaiva.java.test.FormulaTest" name="principalTest" time="0"/>
  <testcase classname="br.com.thiagopaiva.java.test.FormulaTest" name="formulaSimplesTest" time="0"/>
  <testcase classname="br.com.thiagopaiva.java.test.FormulaTest" name="formulaSimplesClasseTest" time="0"/>
</testsuite>